#
# A fatal error has been detected by the Java Runtime Environment:
#
#  SIGSEGV (0xb) at pc=0x00007f7ef30a4375, pid=23221, tid=23239
#
# JRE version: OpenJDK Runtime Environment (15.0.1+9) (build 15.0.1+9-18)
# Java VM: OpenJDK 64-Bit Server VM (15.0.1+9-18, mixed mode, tiered, compressed oops, g1 gc, linux-amd64)
# Problematic frame:
# C  [libjimage.so+0x4375]  ImageStrings::find(Endian*, char const*, int*, unsigned int)+0x65
#
# Core dump will be written. Default location: Core dumps may be processed with "/usr/share/apport/apport %p %s %c %d %P %E" (or dumping to /home/pedro/Área de Trabalho/Greenmile/Desafio/rotas/core.23221)
#
# If you would like to submit a bug report, please visit:
#   https://bugreport.java.com/bugreport/crash.jsp
#

---------------  S U M M A R Y ------------

Command Line: -XX:+ShowCodeDetailsInExceptionMessages -agentlib:jdwp=transport=dt_socket,suspend=y,address=localhost:34671 -javaagent:/home/pedro/eclipse/jee-2021-09/eclipse/configuration/org.eclipse.osgi/410/0/.cp/lib/javaagent-shaded.jar -Dfile.encoding=UTF-8 br.com.greenmile.rotas.RotasApplication

Host: Intel(R) Core(TM) i3-7020U CPU @ 2.30GHz, 4 cores, 3G, Ubuntu 20.04.3 LTS
Time: Sun Jan 30 18:40:40 2022 -03 elapsed time: 2855.643946 seconds (0d 0h 47m 35s)

---------------  T H R E A D  ---------------

Current thread (0x00007f7eec18a9f0):  JavaThread "Signal Dispatcher" daemon [_thread_in_vm, id=23239, stack(0x00007f7ed8110000,0x00007f7ed8211000)]

Stack: [0x00007f7ed8110000,0x00007f7ed8211000],  sp=0x00007f7ed820e1b0,  free space=1016k
Native frames: (J=compiled Java code, A=aot compiled Java code, j=interpreted, Vv=VM code, C=native code)
C  [libjimage.so+0x4375]  ImageStrings::find(Endian*, char const*, int*, unsigned int)+0x65
C  [libjimage.so+0x4f0e]  ImageFileReader::find_location_index(char const*, unsigned long long*) const+0x3e
C  [libjimage.so+0x540c]  JIMAGE_FindResource+0xfc
V  [libjvm.so+0x4e9f51]  ClassPathImageEntry::open_stream_for_loader(char const*, ClassLoaderData*, Thread*)+0x51
V  [libjvm.so+0x4ee47e]  ClassLoader::load_class(Symbol*, bool, Thread*)+0x13e
V  [libjvm.so+0xca77ef]  SystemDictionary::load_instance_class(Symbol*, Handle, Thread*)+0x34f
V  [libjvm.so+0xca66c2]  SystemDictionary::resolve_instance_class_or_null(Symbol*, Handle, Handle, Thread*)+0x9e2
V  [libjvm.so+0xca88fe]  SystemDictionary::resolve_or_fail(Symbol*, Handle, Handle, bool, Thread*)+0x5e
V  [libjvm.so+0x5580e8]  ConstantPool::klass_at_impl(constantPoolHandle const&, int, bool, Thread*)+0xe8
V  [libjvm.so+0x76cbe2]  InterpreterRuntime::_new(JavaThread*, ConstantPool*, int)+0x72
j  jdk.internal.misc.Signal.dispatch(I)V+25 java.base@15.0.1
v  ~StubRoutines::call_stub
V  [libjvm.so+0x773a29]  JavaCalls::call_helper(JavaValue*, methodHandle const&, JavaCallArguments*, Thread*)+0x299
V  [libjvm.so+0x773ec4]  JavaCalls::call_static(JavaValue*, Klass*, Symbol*, Symbol*, JavaCallArguments*, Thread*)+0x104
V  [libjvm.so+0xb3b16e]  signal_thread_entry(JavaThread*, Thread*)+0x2de
V  [libjvm.so+0xcf23de]  JavaThread::thread_main_inner()+0xde
V  [libjvm.so+0xcf724d]  Thread::call_run()+0xfd
V  [libjvm.so+0xb4a397]  thread_native_entry(Thread*)+0xe7

Java frames: (J=compiled Java code, j=interpreted, Vv=VM code)
j  jdk.internal.misc.Signal.dispatch(I)V+25 java.base@15.0.1
v  ~StubRoutines::call_stub

siginfo: si_signo: 11 (SIGSEGV), si_code: 1 (SEGV_MAPERR), si_addr: 0x00007f7ee862d718

Register to memory mapping:

RAX=0x00000000000079bf is an unknown value
RBX=0x00007f7ed820e261 is pointing into the stack for thread: 0x00007f7eec18a9f0
RCX=0x00007f7ed820e283 is pointing into the stack for thread: 0x00007f7eec18a9f0
RDX=0x00000000000079bf is an unknown value
RSP=0x00007f7ed820e1b0 is pointing into the stack for thread: 0x00007f7eec18a9f0
RBP=0x00007f7ed820e1d0 is pointing into the stack for thread: 0x00007f7eec18a9f0
RSI=0x0 is NULL
RDI=0x00007f7ef30be050: <offset 0x000000000001e050> in /home/pedro/Área de Trabalho/eclipse/plugins/org.eclipse.justj.openjdk.hotspot.jre.full.linux.x86_64_15.0.1.v20201027-0507/jre/lib/libjimage.so at 0x00007f7ef30a0000
R8 =0x00007f7ee860f01c is an unknown value
R9 =0x00007f7ed820f070 is pointing into the stack for thread: 0x00007f7eec18a9f0
R10=0x00007f7ef41087fa: <offset 0x0000000000dee7fa> in /home/pedro/Área de Trabalho/eclipse/plugins/org.eclipse.justj.openjdk.hotspot.jre.full.linux.x86_64_15.0.1.v20201027-0507/jre/lib/server/libjvm.so at 0x00007f7ef331a000
R11=0x00007f7ed820f408 is pointing into the stack for thread: 0x00007f7eec18a9f0
R12=0x0000000000007d56 is an unknown value
R13=0x00007f7ed820e260 is pointing into the stack for thread: 0x00007f7eec18a9f0
R14=0x0 is NULL
R15=0x00007f7ed820e260 is pointing into the stack for thread: 0x00007f7eec18a9f0


Registers:
RAX=0x00000000000079bf, RBX=0x00007f7ed820e261, RCX=0x00007f7ed820e283, RDX=0x00000000000079bf
RSP=0x00007f7ed820e1b0, RBP=0x00007f7ed820e1d0, RSI=0x0000000000000000, RDI=0x00007f7ef30be050
R8 =0x00007f7ee860f01c, R9 =0x00007f7ed820f070, R10=0x00007f7ef41087fa, R11=0x00007f7ed820f408
R12=0x0000000000007d56, R13=0x00007f7ed820e260, R14=0x0000000000000000, R15=0x00007f7ed820e260
RIP=0x00007f7ef30a4375, EFLAGS=0x0000000000010246, CSGSFS=0x002b000000000033, ERR=0x0000000000000004
  TRAPNO=0x000000000000000e

Top of Stack: (sp=0x00007f7ed820e1b0)
0x00007f7ed820e1b0:   0000000000000000 00007f7ed820f2f8
0x00007f7ed820e1c0:   00007f7eec0387a0 00007f7ed820e260
0x00007f7ed820e1d0:   00007f7ed820e240 00007f7ef30a4f0e
0x00007f7ed820e1e0:   0000000000000000 0000000000000000 

Instructions: (pc=0x00007f7ef30a4375)
0x00007f7ef30a4275:   5d 98 e8 64 ee ff ff 4c 8b 5d 98 4d 01 df 4d 85
0x00007f7ef30a4285:   f6 74 08 4c 89 f7 e8 30 16 00 00 44 03 65 90 e9
0x00007f7ef30a4295:   3f fe ff ff 0f 1f 80 00 00 00 00 41 8b 10 41 89
0x00007f7ef30a42a5:   55 00 41 8b 54 00 fc 41 89 54 05 fc e9 8a fc ff
0x00007f7ef30a42b5:   ff 66 2e 0f 1f 84 00 00 00 00 00 ba 0a 00 00 00
0x00007f7ef30a42c5:   e9 f8 fc ff ff 41 0f b7 54 00 fe 66 41 89 54 05
0x00007f7ef30a42d5:   fe e9 65 fc ff ff 0f 1f 44 00 00 0f b6 17 89 f0
0x00007f7ef30a42e5:   89 f1 4c 8d 47 01 84 d2 74 18 90 69 c9 93 01 00
0x00007f7ef30a42f5:   01 49 83 c0 01 31 d1 41 0f b6 50 ff 84 d2 75 eb
0x00007f7ef30a4305:   89 c8 25 ff ff ff 7f c3 90 66 90 48 85 d2 0f 84
0x00007f7ef30a4315:   e1 00 00 00 55 48 89 e5 41 55 41 54 41 89 cc 53
0x00007f7ef30a4325:   48 83 ec 08 85 c9 0f 84 c1 00 00 00 49 89 f5 48
0x00007f7ef30a4335:   8d 5e 01 0f b6 36 49 89 d0 40 84 f6 0f 84 a1 00
0x00007f7ef30a4345:   00 00 48 89 d9 b8 93 01 00 01 90 69 d0 93 01 00
0x00007f7ef30a4355:   01 48 83 c1 01 40 0f b6 c6 0f b6 71 ff 31 d0 40
0x00007f7ef30a4365:   84 f6 75 e7 25 ff ff ff 7f 31 d2 41 f7 f4 89 d0
0x00007f7ef30a4375:   41 8b 34 80 48 8b 07 ff 50 20 85 c0 7f 1d 74 6d
0x00007f7ef30a4385:   f7 d0 41 89 c0 48 83 c4 08 44 89 c0 5b 41 5c 41
0x00007f7ef30a4395:   5d 5d c3 0f 1f 84 00 00 00 00 00 41 0f b6 4d 00
0x00007f7ef30a43a5:   89 c6 84 c9 74 1b 0f 1f 44 00 00 69 f6 93 01 00
0x00007f7ef30a43b5:   01 48 83 c3 01 31 ce 0f b6 4b ff 84 c9 75 ec 89
0x00007f7ef30a43c5:   f0 25 ff ff ff 7f 31 d2 48 83 c4 08 41 f7 f4 5b
0x00007f7ef30a43d5:   41 5c 41 5d 5d 41 89 d0 44 89 c0 c3 0f 1f 80 00
0x00007f7ef30a43e5:   00 00 00 b8 93 01 00 01 e9 7c ff ff ff 41 b8 ff
0x00007f7ef30a43f5:   ff ff ff eb 90 41 83 c8 ff 44 89 c0 c3 66 66 2e
0x00007f7ef30a4405:   0f 1f 84 00 00 00 00 00 0f 1f 00 eb 19 66 0f 1f
0x00007f7ef30a4415:   44 00 00 0f b6 16 84 d2 74 13 38 c2 75 1d 48 83
0x00007f7ef30a4425:   c7 01 48 83 c6 01 0f b6 07 84 c0 75 e6 48 89 f8
0x00007f7ef30a4435:   c3 66 2e 0f 1f 84 00 00 00 00 00 31 c0 c3 90 66
0x00007f7ef30a4445:   66 2e 0f 1f 84 00 00 00 00 00 90 48 85 f6 74 55
0x00007f7ef30a4455:   0f b6 06 84 c0 74 4e 0f 1f 40 00 0f b6 d0 83 e0
0x00007f7ef30a4465:   07 c1 fa 03 44 8d 50 01 0f b6 c0 41 89 d1 4c 8d 


Stack slot to memory mapping:
stack at sp + 0 slots: 0x0 is NULL
stack at sp + 1 slots: 0x00007f7ed820f2f8 is pointing into the stack for thread: 0x00007f7eec18a9f0
stack at sp + 2 slots: 0x00007f7eec0387a0 points into unknown readable memory: 0x00007f7e94004dc0 | c0 4d 00 94 7e 7f 00 00
stack at sp + 3 slots: 0x00007f7ed820e260 is pointing into the stack for thread: 0x00007f7eec18a9f0
stack at sp + 4 slots: 0x00007f7ed820e240 is pointing into the stack for thread: 0x00007f7eec18a9f0
stack at sp + 5 slots: 0x00007f7ef30a4f0e: <offset 0x0000000000004f0e> in /home/pedro/Área de Trabalho/eclipse/plugins/org.eclipse.justj.openjdk.hotspot.jre.full.linux.x86_64_15.0.1.v20201027-0507/jre/lib/libjimage.so at 0x00007f7ef30a0000
stack at sp + 6 slots: 0x0 is NULL
stack at sp + 7 slots: 0x0 is NULL


---------------  P R O C E S S  ---------------

Threads class SMR info:
_java_thread_list=0x00007f7e8c002280, length=12, elements={
0x00007f7eec02bf20, 0x00007f7eec1721e0, 0x00007f7eec173e30, 0x00007f7eec18a9f0,
0x00007f7eec18c100, 0x00007f7eec18ffb0, 0x00007f7eec191760, 0x00007f7eec192e10,
0x00007f7eec200b90, 0x00007f7eec24b550, 0x00007f7eec2625a0, 0x00007f7eec5b6f60
}

Java Threads: ( => current thread )
  0x00007f7eec02bf20 JavaThread "main" [_thread_blocked, id=23223, stack(0x00007f7ef30ca000,0x00007f7ef31cb000)]
  0x00007f7eec1721e0 JavaThread "Reference Handler" daemon [_thread_blocked, id=23237, stack(0x00007f7ed8884000,0x00007f7ed8985000)]
  0x00007f7eec173e30 JavaThread "Finalizer" daemon [_thread_blocked, id=23238, stack(0x00007f7ed8783000,0x00007f7ed8884000)]
=>0x00007f7eec18a9f0 JavaThread "Signal Dispatcher" daemon [_thread_in_vm, id=23239, stack(0x00007f7ed8110000,0x00007f7ed8211000)]
  0x00007f7eec18c100 JavaThread "Service Thread" daemon [_thread_blocked, id=23240, stack(0x00007f7ed800f000,0x00007f7ed8110000)]
  0x00007f7eec18ffb0 JavaThread "C2 CompilerThread0" daemon [_thread_blocked, id=23241, stack(0x00007f7ec9eff000,0x00007f7eca000000)]
  0x00007f7eec191760 JavaThread "C1 CompilerThread0" daemon [_thread_blocked, id=23242, stack(0x00007f7ec9dfe000,0x00007f7ec9eff000)]
  0x00007f7eec192e10 JavaThread "Sweeper thread" daemon [_thread_blocked, id=23243, stack(0x00007f7ec9cfd000,0x00007f7ec9dfe000)]
  0x00007f7eec200b90 JavaThread "Common-Cleaner" daemon [_thread_blocked, id=23245, stack(0x00007f7ec9bfc000,0x00007f7ec9cfd000)]
  0x00007f7eec24b550 JavaThread "JDWP Transport Listener: dt_socket" daemon [_thread_in_native, id=23249, stack(0x00007f7ec9afb000,0x00007f7ec9bfc000)]
  0x00007f7eec2625a0 JavaThread "JDWP Event Helper Thread" daemon [_thread_blocked, id=23250, stack(0x00007f7ec99fa000,0x00007f7ec9afb000)]
  0x00007f7eec5b6f60 JavaThread "Notification Thread" daemon [_thread_blocked, id=23263, stack(0x00007f7ec95cb000,0x00007f7ec96cc000)]

Other Threads:
  0x00007f7eec157ed0 VMThread "VM Thread" [stack: 0x00007f7ed8987000,0x00007f7ed8a87000] [id=23236]
  0x00007f7eec1824e0 WatcherThread [stack: 0x00007f7ec94cb000,0x00007f7ec95cb000] [id=23264]
  0x00007f7eec059250 GCTaskThread "GC Thread#0" [stack: 0x00007f7ef05bf000,0x00007f7ef06bf000] [id=23224]
  0x00007f7ec0000fc0 GCTaskThread "GC Thread#1" [stack: 0x00007f7ec93b9000,0x00007f7ec94b9000] [id=23268]
  0x00007f7ec0004130 GCTaskThread "GC Thread#2" [stack: 0x00007f7ec8c8e000,0x00007f7ec8d8e000] [id=23277]
  0x00007f7ec0002af0 GCTaskThread "GC Thread#3" [stack: 0x00007f7ec8b8c000,0x00007f7ec8c8c000] [id=23278]
  0x00007f7eec0622b0 ConcurrentGCThread "G1 Main Marker" [stack: 0x00007f7ef04bd000,0x00007f7ef05bd000] [id=23225]
  0x00007f7eec063540 ConcurrentGCThread "G1 Conc#0" [stack: 0x00007f7ef03bb000,0x00007f7ef04bb000] [id=23226]
  0x00007f7eec09ded0 ConcurrentGCThread "G1 Refine#0" [stack: 0x00007f7ed940e000,0x00007f7ed950e000] [id=23227]
  0x00007f7eec09f0e0 ConcurrentGCThread "G1 Young RemSet Sampling" [stack: 0x00007f7ed930c000,0x00007f7ed940c000] [id=23228]

Threads with active compile tasks:

VM state: not at safepoint (normal execution)

VM Mutex/Monitor currently owned by a thread: None

Heap address: 0x00000000c4800000, size: 952 MB, Compressed Oops mode: 32-bit
CDS disabled.
Compressed class space mapped at: 0x0000000100000000-0x0000000140000000, size: 1073741824
Narrow klass base: 0x0000000000000000, Narrow klass shift: 3, Narrow klass range: 0x140000000

GC Precious Log:
